2019-09-17 13:11:30,417 INFO com.nus.iss.eatngreet.user.UsermicroserviceApplication [main] Starting UsermicroserviceApplication on saurabh with PID 8164 (/home/saurabh/EatNGreet/eat-n-greet/usermicroservice/target/classes started by saurabh in /home/saurabh/EatNGreet/eat-n-greet/usermicroservice)
2019-09-17 13:11:30,442 INFO com.nus.iss.eatngreet.user.UsermicroserviceApplication [main] No active profile set, falling back to default profiles: default
2019-09-17 13:11:32,434 INFO org.springframework.data.repository.config.RepositoryConfigurationDelegate [main] Bootstrapping Spring Data repositories in DEFAULT mode.
2019-09-17 13:11:32,551 INFO org.springframework.data.repository.config.RepositoryConfigurationDelegate [main] Finished Spring Data repository scanning in 107ms. Found 2 repository interfaces.
2019-09-17 13:11:33,063 INFO org.springframework.context.support.PostProcessorRegistrationDelegate$BeanPostProcessorChecker [main] Bean 'org.springframework.transaction.annotation.ProxyTransactionManagementConfiguration' of type [org.springframework.transaction.annotation.ProxyTransactionManagementConfiguration$$EnhancerBySpringCGLIB$$ad209441] is not eligible for getting processed by all BeanPostProcessors (for example: not eligible for auto-proxying)
2019-09-17 13:11:33,117 INFO org.springframework.context.support.PostProcessorRegistrationDelegate$BeanPostProcessorChecker [main] Bean 'org.springframework.security.config.annotation.configuration.ObjectPostProcessorConfiguration' of type [org.springframework.security.config.annotation.configuration.ObjectPostProcessorConfiguration$$EnhancerBySpringCGLIB$$45ce5c7b] is not eligible for getting processed by all BeanPostProcessors (for example: not eligible for auto-proxying)
2019-09-17 13:11:33,127 INFO org.springframework.context.support.PostProcessorRegistrationDelegate$BeanPostProcessorChecker [main] Bean 'objectPostProcessor' of type [org.springframework.security.config.annotation.configuration.AutowireBeanFactoryObjectPostProcessor] is not eligible for getting processed by all BeanPostProcessors (for example: not eligible for auto-proxying)
2019-09-17 13:11:33,131 INFO org.springframework.context.support.PostProcessorRegistrationDelegate$BeanPostProcessorChecker [main] Bean 'org.springframework.security.access.expression.method.DefaultMethodSecurityExpressionHandler@205bed61' of type [org.springframework.security.access.expression.method.DefaultMethodSecurityExpressionHandler] is not eligible for getting processed by all BeanPostProcessors (for example: not eligible for auto-proxying)
2019-09-17 13:11:33,135 INFO org.springframework.context.support.PostProcessorRegistrationDelegate$BeanPostProcessorChecker [main] Bean 'org.springframework.security.config.annotation.method.configuration.GlobalMethodSecurityConfiguration' of type [org.springframework.security.config.annotation.method.configuration.GlobalMethodSecurityConfiguration$$EnhancerBySpringCGLIB$$6aa2ff2d] is not eligible for getting processed by all BeanPostProcessors (for example: not eligible for auto-proxying)
2019-09-17 13:11:33,141 INFO org.springframework.context.support.PostProcessorRegistrationDelegate$BeanPostProcessorChecker [main] Bean 'methodSecurityMetadataSource' of type [org.springframework.security.access.method.DelegatingMethodSecurityMetadataSource] is not eligible for getting processed by all BeanPostProcessors (for example: not eligible for auto-proxying)
2019-09-17 13:11:33,700 INFO org.springframework.boot.web.embedded.tomcat.TomcatWebServer [main] Tomcat initialized with port(s): 8080 (http)
2019-09-17 13:11:33,764 INFO org.apache.catalina.core.StandardService [main] Starting service [Tomcat]
2019-09-17 13:11:33,765 INFO org.apache.catalina.core.StandardEngine [main] Starting Servlet engine: [Apache Tomcat/9.0.22]
2019-09-17 13:11:33,934 INFO org.apache.catalina.core.ContainerBase.[Tomcat].[localhost].[/eatngreet/userms] [main] Initializing Spring embedded WebApplicationContext
2019-09-17 13:11:33,934 INFO org.springframework.web.context.ContextLoader [main] Root WebApplicationContext: initialization completed in 3380 ms
2019-09-17 13:11:34,300 INFO com.zaxxer.hikari.HikariDataSource [main] HikariPool-1 - Starting...
2019-09-17 13:11:34,302 WARN com.zaxxer.hikari.util.DriverDataSource [main] Registered driver with driverClassName=com.mysql.jdbc.Driver was not found, trying direct instantiation.
2019-09-17 13:11:34,435 INFO com.zaxxer.hikari.HikariDataSource [main] HikariPool-1 - Start completed.
2019-09-17 13:11:34,601 INFO org.hibernate.jpa.internal.util.LogHelper [main] HHH000204: Processing PersistenceUnitInfo [
	name: default
	...]
2019-09-17 13:11:34,792 INFO org.hibernate.Version [main] HHH000412: Hibernate Core {5.3.10.Final}
2019-09-17 13:11:34,798 INFO org.hibernate.cfg.Environment [main] HHH000206: hibernate.properties not found
2019-09-17 13:11:35,011 INFO org.hibernate.annotations.common.Version [main] HCANN000001: Hibernate Commons Annotations {5.0.4.Final}
2019-09-17 13:11:35,227 INFO org.hibernate.dialect.Dialect [main] HHH000400: Using dialect: org.hibernate.dialect.MySQL5Dialect
2019-09-17 13:11:36,754 INFO org.springframework.orm.jpa.LocalContainerEntityManagerFactoryBean [main] Initialized JPA EntityManagerFactory for persistence unit 'default'
2019-09-17 13:11:37,262 INFO org.hibernate.hql.internal.QueryTranslatorFactoryInitiator [main] HHH000397: Using ASTQueryTranslatorFactory
2019-09-17 13:11:37,787 INFO org.springframework.security.web.DefaultSecurityFilterChain [main] Creating filter chain: any request, [org.springframework.security.web.context.request.async.WebAsyncManagerIntegrationFilter@8dedec8, org.springframework.security.web.context.SecurityContextPersistenceFilter@4511146f, org.springframework.security.web.header.HeaderWriterFilter@768e40af, org.springframework.security.web.authentication.logout.LogoutFilter@5a69b3cf, org.springframework.security.web.authentication.UsernamePasswordAuthenticationFilter@7c460, org.springframework.security.web.authentication.ui.DefaultLoginPageGeneratingFilter@6ed7c178, org.springframework.security.web.authentication.ui.DefaultLogoutPageGeneratingFilter@226e95e9, org.springframework.security.web.savedrequest.RequestCacheAwareFilter@5c16561a, org.springframework.security.web.servletapi.SecurityContextHolderAwareRequestFilter@392ef4ff, org.springframework.security.web.authentication.AnonymousAuthenticationFilter@27bf574b, org.springframework.security.web.session.SessionManagementFilter@165824f5, org.springframework.security.web.access.ExceptionTranslationFilter@4b7a4c83]
2019-09-17 13:11:38,043 INFO org.springframework.scheduling.concurrent.ThreadPoolTaskExecutor [main] Initializing ExecutorService 'applicationTaskExecutor'
2019-09-17 13:11:38,099 WARN org.springframework.boot.autoconfigure.orm.jpa.JpaBaseConfiguration$JpaWebConfiguration$JpaWebMvcConfiguration [main] spring.jpa.open-in-view is enabled by default. Therefore, database queries may be performed during view rendering. Explicitly configure spring.jpa.open-in-view to disable this warning
2019-09-17 13:11:38,472 INFO org.springframework.boot.web.embedded.tomcat.TomcatWebServer [main] Tomcat started on port(s): 8080 (http) with context path '/eatngreet/userms'
2019-09-17 13:11:38,476 INFO com.nus.iss.eatngreet.user.UsermicroserviceApplication [main] Started UsermicroserviceApplication in 8.614 seconds (JVM running for 9.926)
2019-09-17 13:24:10,821 INFO org.apache.catalina.core.ContainerBase.[Tomcat].[localhost].[/eatngreet/userms] [http-nio-8080-exec-4] Initializing Spring DispatcherServlet 'dispatcherServlet'
2019-09-17 13:24:10,823 INFO org.springframework.web.servlet.DispatcherServlet [http-nio-8080-exec-4] Initializing Servlet 'dispatcherServlet'
2019-09-17 13:24:10,836 INFO org.springframework.web.servlet.DispatcherServlet [http-nio-8080-exec-4] Completed initialization in 13 ms
2019-09-17 13:24:10,869 WARN org.springframework.web.servlet.PageNotFound [http-nio-8080-exec-4] Request method 'GET' not supported
2019-09-17 13:25:21,572 WARN org.springframework.web.servlet.PageNotFound [http-nio-8080-exec-6] Request method 'GET' not supported
2019-09-17 13:25:52,967 WARN org.springframework.web.servlet.PageNotFound [http-nio-8080-exec-8] Request method 'GET' not supported
